20:30:09: Creating resource group General
20:30:09: Creating resource group Internal
20:30:09: Creating resource group Autodetect
20:30:09: SceneManagerFactory for type 'DefaultSceneManager' registered.
20:30:09: Registering ResourceManager for type Material
20:30:09: Registering ResourceManager for type Mesh
20:30:09: Registering ResourceManager for type Skeleton
20:30:09: MovableObjectFactory for type 'ParticleSystem' registered.
20:30:09: ArchiveFactory for archive type FileSystem registered.
20:30:09: ArchiveFactory for archive type Zip registered.
20:30:09: ArchiveFactory for archive type EmbeddedZip registered.
20:30:09: DDS codec registering
20:30:09: FreeImage version: 3.17.0
20:30:09: This program uses FreeImage, a free, open source image library supporting all common bitmap formats. See http://freeimage.sourceforge.net for details
20:30:09: Supported formats: bmp,ico,jpg,jif,jpeg,jpe,jng,koa,iff,lbm,mng,pbm,pbm,pcd,pcx,pgm,pgm,png,ppm,ppm,ras,tga,targa,tif,tiff,wap,wbmp,wbm,psd,cut,xbm,xpm,gif,hdr,sgi,rgb,rgba,bw,exr,j2k,j2c,jp2,pfm,pct,pict,pic,3fr,arw,bay,bmq,cap,cine,cr2,crw,cs1,dc2,dcr,drf,dsc,dng,erf,fff,ia,iiq,k25,kc2,kdc,mdc,mef,mos,mrw,nef,nrw,orf,pef,ptx,pxn,qtk,raf,raw,rdc,rw2,rwl,rwz,sr2,srf,srw,sti,x3f,webp,jxr,wdp,hdp
20:30:09: Registering ResourceManager for type HighLevelGpuProgram
20:30:09: Registering ResourceManager for type Compositor
20:30:09: MovableObjectFactory for type 'Entity' registered.
20:30:09: MovableObjectFactory for type 'Light' registered.
20:30:09: MovableObjectFactory for type 'BillboardSet' registered.
20:30:09: MovableObjectFactory for type 'ManualObject' registered.
20:30:09: MovableObjectFactory for type 'BillboardChain' registered.
20:30:09: MovableObjectFactory for type 'RibbonTrail' registered.
20:30:09: Loading library /usr/local/lib/OGRE/RenderSystem_GL
20:30:09: Installing plugin: GL RenderSystem
20:30:09: OpenGL Rendering Subsystem created.
20:30:09: Plugin successfully installed
20:30:09: Loading library /usr/local/lib/OGRE/Plugin_ParticleFX
20:30:09: Installing plugin: ParticleFX
20:30:09: Particle Emitter Type 'Point' registered
20:30:09: Particle Emitter Type 'Box' registered
20:30:09: Particle Emitter Type 'Ellipsoid' registered
20:30:09: Particle Emitter Type 'Cylinder' registered
20:30:09: Particle Emitter Type 'Ring' registered
20:30:09: Particle Emitter Type 'HollowEllipsoid' registered
20:30:09: Particle Affector Type 'LinearForce' registered
20:30:09: Particle Affector Type 'ColourFader' registered
20:30:09: Particle Affector Type 'ColourFader2' registered
20:30:09: Particle Affector Type 'ColourImage' registered
20:30:09: Particle Affector Type 'ColourInterpolator' registered
20:30:09: Particle Affector Type 'Scaler' registered
20:30:09: Particle Affector Type 'Rotator' registered
20:30:09: Particle Affector Type 'DirectionRandomiser' registered
20:30:09: Particle Affector Type 'DeflectorPlane' registered
20:30:09: Plugin successfully installed
20:30:09: Loading library /usr/local/lib/OGRE/Plugin_BSPSceneManager
20:30:09: Installing plugin: BSP Scene Manager
20:30:09: Plugin successfully installed
20:30:09: Loading library /usr/local/lib/OGRE/Plugin_CgProgramManager
20:30:09: Installing plugin: Cg Program Manager
20:30:09: Plugin successfully installed
20:30:09: Loading library /usr/local/lib/OGRE/Plugin_PCZSceneManager
20:30:09: Installing plugin: Portal Connected Zone Scene Manager
20:30:09: PCZone Factory Type 'ZoneType_Default' registered
20:30:09: Plugin successfully installed
20:30:09: Loading library /usr/local/lib/OGRE/Plugin_OctreeZone
20:30:09: Installing plugin: Octree Zone Factory
20:30:09: Plugin successfully installed
20:30:09: Loading library /usr/local/lib/OGRE/Plugin_OctreeSceneManager
20:30:09: Installing plugin: Octree Scene Manager
20:30:09: Plugin successfully installed
20:30:09: *-*-* OGRE Initialising
20:30:09: *-*-* Version 1.9.0 (Ghadamon)
20:30:09: Added resource location '/usr/local/share/OGRE/Media/thumbnails' of type 'FileSystem' to resource group 'General'
20:30:09: Added resource location '/usr/local/share/OGRE/Media/packs/SdkTrays.zip' of type 'Zip' to resource group 'General'
20:30:09: Added resource location '/usr/local/share/OGRE/Media/packs/profiler.zip' of type 'Zip' to resource group 'General'
20:30:09: Added resource location '/usr/local/share/OGRE/Media' of type 'FileSystem' to resource group 'General'
20:30:09: Added resource location '/usr/local/share/OGRE/Media/fonts' of type 'FileSystem' to resource group 'General'
20:30:09: Added resource location '/usr/local/share/OGRE/Media/materials/programs' of type 'FileSystem' to resource group 'General'
20:30:09: Added resource location '/usr/local/share/OGRE/Media/materials/programs/Cg' of type 'FileSystem' to resource group 'General'
20:30:09: Added resource location '/usr/local/share/OGRE/Media/materials/programs/GLSL' of type 'FileSystem' to resource group 'General'
20:30:09: Added resource location '/usr/local/share/OGRE/Media/materials/programs/GLSL150' of type 'FileSystem' to resource group 'General'
20:30:09: Added resource location '/usr/local/share/OGRE/Media/materials/programs/GLSL400' of type 'FileSystem' to resource group 'General'
20:30:09: Added resource location '/usr/local/share/OGRE/Media/materials/programs/HLSL' of type 'FileSystem' to resource group 'General'
20:30:09: Added resource location '/usr/local/share/OGRE/Media/materials/programs/HLSL_Cg' of type 'FileSystem' to resource group 'General'
20:30:09: Added resource location '/usr/local/share/OGRE/Media/materials/scripts' of type 'FileSystem' to resource group 'General'
20:30:09: Added resource location '/usr/local/share/OGRE/Media/materials/textures' of type 'FileSystem' to resource group 'General'
20:30:09: Added resource location '/usr/local/share/OGRE/Media/materials/textures/nvidia' of type 'FileSystem' to resource group 'General'
20:30:09: Added resource location '/usr/local/share/OGRE/Media/models' of type 'FileSystem' to resource group 'General'
20:30:09: Added resource location '/usr/local/share/OGRE/Media/particle' of type 'FileSystem' to resource group 'General'
20:30:09: Added resource location '/usr/local/share/OGRE/Media/DeferredShadingMedia' of type 'FileSystem' to resource group 'General'
20:30:09: Added resource location '/usr/local/share/OGRE/Media/PCZAppMedia' of type 'FileSystem' to resource group 'General'
20:30:09: Added resource location '/usr/local/share/OGRE/Media/RTShaderLib' of type 'FileSystem' to resource group 'General'
20:30:09: Added resource location '/usr/local/share/OGRE/Media/RTShaderLib/GLSL' of type 'FileSystem' to resource group 'General'
20:30:09: Added resource location '/usr/local/share/OGRE/Media/RTShaderLib/GLSL150' of type 'FileSystem' to resource group 'General'
20:30:09: Added resource location '/usr/local/share/OGRE/Media/RTShaderLib/HLSL_Cg' of type 'FileSystem' to resource group 'General'
20:30:09: Added resource location '/usr/local/share/OGRE/Media/RTShaderLib/materials' of type 'FileSystem' to resource group 'General'
20:30:09: Added resource location '/usr/local/share/OGRE/Media/materials/scripts/SSAO' of type 'FileSystem' to resource group 'General'
20:30:09: Added resource location '/usr/local/share/OGRE/Media/materials/textures/SSAO' of type 'FileSystem' to resource group 'General'
20:30:09: Added resource location '/usr/local/share/OGRE/Media/volumeTerrain' of type 'FileSystem' to resource group 'General'
20:30:09: Added resource location '/usr/local/share/OGRE/Media/PBR' of type 'FileSystem' to resource group 'General'
20:30:09: Added resource location '/home/zachcooper/eclipse-workspace/Blast-Commander_v3/assets/meshes' of type 'FileSystem' to resource group 'General'
20:30:09: Added resource location '/home/zachcooper/eclipse-workspace/Blast-Commander_v3/assets/material/programs' of type 'FileSystem' to resource group 'General'
20:30:09: Added resource location '/home/zachcooper/eclipse-workspace/Blast-Commander_v3/assets/material/scripts' of type 'FileSystem' to resource group 'General'
20:30:09: Added resource location '/home/zachcooper/eclipse-workspace/Blast-Commander_v3/assets/material/textures' of type 'FileSystem' to resource group 'General'
20:30:09: Added resource location '/home/zachcooper/eclipse-workspace/Blast-Commander_v3/assets/sounds' of type 'FileSystem' to resource group 'General'
20:30:09: Added resource location '/home/philipsmith/eclipse-workspace/Blast-Commander/assets/meshes' of type 'FileSystem' to resource group 'General'
20:30:09: Added resource location '/home/philipsmith/eclipse-workspace/Blast-Commander/assets/material/programs' of type 'FileSystem' to resource group 'General'
20:30:09: Added resource location '/home/philipsmith/eclipse-workspace/Blast-Commander/assets/material/scripts' of type 'FileSystem' to resource group 'General'
20:30:09: Added resource location '/home/philipsmith/eclipse-workspace/Blast-Commander/assets/material/textures' of type 'FileSystem' to resource group 'General'
20:30:09: Added resource location '/home/philipsmith/eclipse-workspace/Blast-Commander/assets/sounds' of type 'FileSystem' to resource group 'General'
20:30:09: Added resource location '/usr/local/share/OGRE/Media/packs/cubemap.zip' of type 'Zip' to resource group 'General'
20:30:09: Added resource location '/usr/local/share/OGRE/Media/packs/cubemapsJS.zip' of type 'Zip' to resource group 'General'
20:30:09: Added resource location '/usr/local/share/OGRE/Media/packs/dragon.zip' of type 'Zip' to resource group 'General'
20:30:09: Added resource location '/usr/local/share/OGRE/Media/packs/fresneldemo.zip' of type 'Zip' to resource group 'General'
20:30:09: Added resource location '/usr/local/share/OGRE/Media/packs/ogretestmap.zip' of type 'Zip' to resource group 'General'
20:30:09: Added resource location '/usr/local/share/OGRE/Media/packs/ogredance.zip' of type 'Zip' to resource group 'General'
20:30:09: Added resource location '/usr/local/share/OGRE/Media/packs/Sinbad.zip' of type 'Zip' to resource group 'General'
20:30:09: Added resource location '/usr/local/share/OGRE/Media/packs/skybox.zip' of type 'Zip' to resource group 'General'
20:30:09: Added resource location '/usr/local/share/OGRE/Media/volumeTerrain/volumeTerrainBig.zip' of type 'Zip' to resource group 'General'
20:30:09: Added resource location '/usr/local/Tests/Media' of type 'FileSystem' to resource group 'General'
20:30:44: CPU Identifier & Features
20:30:44: -------------------------
20:30:44:  *   CPU ID: GenuineIntel: Intel(R) Core(TM) i7-7700HQ CPU @ 2.80GHz
20:30:44:  *      SSE: yes
20:30:44:  *     SSE2: yes
20:30:44:  *     SSE3: yes
20:30:44:  *      MMX: yes
20:30:44:  *   MMXEXT: yes
20:30:44:  *    3DNOW: no
20:30:44:  * 3DNOWEXT: no
20:30:44:  *     CMOV: yes
20:30:44:  *      TSC: yes
20:30:44:  *      FPU: yes
20:30:44:  *      PRO: yes
20:30:44:  *       HT: no
20:30:44: -------------------------
20:30:44: ******************************
*** Starting GLX Subsystem ***
******************************
20:30:44: Registering ResourceManager for type Texture
20:30:44: GLRenderSystem::_createRenderWindow "CS381 - Assignment One", 1920x1080 windowed  miscParams: FSAA=0 displayFrequency=54 Hz gamma=No vsync=No 
20:30:44: GLXWindow::create used FBConfigID = 158
20:30:44: GL_VERSION = 3.0 Mesa 17.2.8
20:30:44: GL_VENDOR = Intel Open Source Technology Center
20:30:44: GL_RENDERER = Mesa DRI Intel(R) HD Graphics 630 (Kaby Lake GT2) 
20:30:44: GL_EXTENSIONS = GL_ARB_multisample GL_EXT_abgr GL_EXT_bgra GL_EXT_blend_color GL_EXT_blend_minmax GL_EXT_blend_subtract GL_EXT_copy_texture GL_EXT_polygon_offset GL_EXT_subtexture GL_EXT_texture_object GL_EXT_vertex_array GL_EXT_compiled_vertex_array GL_EXT_texture GL_EXT_texture3D GL_IBM_rasterpos_clip GL_ARB_point_parameters GL_EXT_draw_range_elements GL_EXT_packed_pixels GL_EXT_point_parameters GL_EXT_rescale_normal GL_EXT_separate_specular_color GL_EXT_texture_edge_clamp GL_SGIS_generate_mipmap GL_SGIS_texture_border_clamp GL_SGIS_texture_edge_clamp GL_SGIS_texture_lod GL_ARB_framebuffer_sRGB GL_ARB_multitexture GL_EXT_framebuffer_sRGB GL_IBM_multimode_draw_arrays GL_IBM_texture_mirrored_repeat GL_3DFX_texture_compression_FXT1 GL_ARB_texture_cube_map GL_ARB_texture_env_add GL_ARB_transpose_matrix GL_EXT_blend_func_separate GL_EXT_fog_coord GL_EXT_multi_draw_arrays GL_EXT_secondary_color GL_EXT_texture_env_add GL_EXT_texture_filter_anisotropic GL_EXT_texture_lod_bias GL_INGR_blend_func_separate GL_NV_blend_square GL_NV_light_max_exponent GL_NV_texgen_reflection GL_NV_texture_env_combine4 GL_S3_s3tc GL_SUN_multi_draw_arrays GL_ARB_texture_border_clamp GL_ARB_texture_compression GL_EXT_framebuffer_object GL_EXT_texture_compression_s3tc GL_EXT_texture_env_combine GL_EXT_texture_env_dot3 GL_MESA_window_pos GL_NV_packed_depth_stencil GL_NV_texture_rectangle GL_ARB_depth_texture GL_ARB_occlusion_query GL_ARB_shadow GL_ARB_texture_env_combine GL_ARB_texture_env_crossbar GL_ARB_texture_env_dot3 GL_ARB_texture_mirrored_repeat GL_ARB_window_pos GL_EXT_stencil_two_side GL_EXT_texture_cube_map GL_NV_depth_clamp GL_APPLE_packed_pixels GL_ARB_draw_buffers GL_ARB_fragment_program GL_ARB_fragment_shader GL_ARB_shader_objects GL_ARB_vertex_program GL_ARB_vertex_shader GL_ATI_draw_buffers GL_ATI_texture_env_combine3 GL_ATI_texture_float GL_EXT_shadow_funcs GL_EXT_stencil_wrap GL_MESA_pack_invert GL_NV_primitive_restart GL_ARB_depth_clamp GL_ARB_fragment_program_shadow GL_ARB_half_float_pixel GL_ARB_occlusion_query2 GL_ARB_point_sprite GL_ARB_shading_language_100 GL_ARB_sync GL_ARB_texture_non_power_of_two GL_ARB_vertex_buffer_object GL_ATI_blend_equation_separate GL_EXT_blend_equation_separate GL_OES_read_format GL_ARB_color_buffer_float GL_ARB_pixel_buffer_object GL_ARB_texture_compression_rgtc GL_ARB_texture_float GL_ARB_texture_rectangle GL_EXT_packed_float GL_EXT_pixel_buffer_object GL_EXT_texture_compression_dxt1 GL_EXT_texture_compression_rgtc GL_EXT_texture_rectangle GL_EXT_texture_sRGB GL_EXT_texture_shared_exponent GL_ARB_framebuffer_object GL_EXT_framebuffer_blit GL_EXT_framebuffer_multisample GL_EXT_packed_depth_stencil GL_APPLE_object_purgeable GL_ARB_vertex_array_object GL_ATI_separate_stencil GL_EXT_draw_buffers2 GL_EXT_draw_instanced GL_EXT_gpu_program_parameters GL_EXT_texture_array GL_EXT_texture_integer GL_EXT_texture_sRGB_decode GL_EXT_timer_query GL_OES_EGL_image GL_ARB_copy_buffer GL_ARB_depth_buffer_float GL_ARB_draw_instanced GL_ARB_half_float_vertex GL_ARB_instanced_arrays GL_ARB_map_buffer_range GL_ARB_texture_rg GL_ARB_texture_swizzle GL_ARB_vertex_array_bgra GL_EXT_texture_swizzle GL_EXT_vertex_array_bgra GL_NV_conditional_render GL_AMD_conservative_depth GL_AMD_draw_buffers_blend GL_AMD_seamless_cubemap_per_texture GL_AMD_shader_stencil_export GL_ARB_ES2_compatibility GL_ARB_blend_func_extended GL_ARB_debug_output GL_ARB_draw_buffers_blend GL_ARB_draw_elements_base_vertex GL_ARB_explicit_attrib_location GL_ARB_fragment_coord_conventions GL_ARB_provoking_vertex GL_ARB_sample_shading GL_ARB_sampler_objects GL_ARB_seamless_cube_map GL_ARB_shader_stencil_export GL_ARB_shader_texture_lod GL_ARB_texture_cube_map_array GL_ARB_texture_gather GL_ARB_texture_multisample GL_ARB_texture_query_lod GL_ARB_texture_rgb10_a2ui GL_ARB_uniform_buffer_object GL_ARB_vertex_type_2_10_10_10_rev GL_EXT_provoking_vertex GL_EXT_texture_snorm GL_MESA_texture_signed_rgba GL_NV_texture_barrier GL_ARB_get_program_binary GL_ARB_robustness GL_ARB_separate_shader_objects GL_ARB_shader_bit_encoding GL_ARB_shader_precision GL_ARB_texture_compression_bptc GL_ARB_timer_query GL_ARB_transform_feedback2 GL_ARB_transform_feedback3 GL_ANGLE_texture_compression_dxt3 GL_ANGLE_texture_compression_dxt5 GL_ARB_compressed_texture_pixel_storage GL_ARB_conservative_depth GL_ARB_internalformat_query GL_ARB_map_buffer_alignment GL_ARB_shader_atomic_counters GL_ARB_shader_image_load_store GL_ARB_shading_language_420pack GL_ARB_shading_language_packing GL_ARB_texture_storage GL_ARB_transform_feedback_instanced GL_EXT_framebuffer_multisample_blit_scaled GL_EXT_transform_feedback GL_AMD_shader_trinary_minmax GL_ARB_ES3_compatibility GL_ARB_arrays_of_arrays GL_ARB_clear_buffer_object GL_ARB_compute_shader GL_ARB_copy_image GL_ARB_explicit_uniform_location GL_ARB_framebuffer_no_attachments GL_ARB_invalidate_subdata GL_ARB_program_interface_query GL_ARB_robust_buffer_access_behavior GL_ARB_shader_image_size GL_ARB_shader_storage_buffer_object GL_ARB_stencil_texturing GL_ARB_texture_query_levels GL_ARB_texture_storage_multisample GL_ARB_texture_view GL_ARB_vertex_attrib_binding GL_KHR_debug GL_KHR_robustness GL_KHR_texture_compression_astc_ldr GL_ARB_buffer_storage GL_ARB_clear_texture GL_ARB_internalformat_query2 GL_ARB_multi_bind GL_ARB_query_buffer_object GL_ARB_seamless_cubemap_per_texture GL_ARB_shader_draw_parameters GL_ARB_shader_group_vote GL_ARB_texture_mirror_clamp_to_edge GL_ARB_texture_stencil8 GL_ARB_vertex_type_10f_11f_11f_rev GL_EXT_shader_integer_mix GL_INTEL_performance_query GL_ARB_clip_control GL_ARB_conditional_render_inverted GL_ARB_cull_distance GL_ARB_derivative_control GL_ARB_get_texture_sub_image GL_ARB_pipeline_statistics_query GL_ARB_shader_texture_image_samples GL_ARB_texture_barrier GL_ARB_transform_feedback_overflow_query GL_EXT_polygon_offset_clamp GL_KHR_blend_equation_advanced GL_KHR_blend_equation_advanced_coherent GL_KHR_context_flush_control GL_KHR_robust_buffer_access_behavior GL_ARB_shader_atomic_counter_ops GL_ARB_shader_ballot GL_ARB_shader_clock GL_EXT_shader_samples_identical GL_KHR_no_error GL_KHR_texture_compression_astc_sliced_3d GL_MESA_shader_integer_functions 
20:30:44: Supported GLX extensions: GLX_ARB_create_context GLX_ARB_create_context_profile GLX_ARB_create_context_robustness GLX_ARB_fbconfig_float GLX_ARB_framebuffer_sRGB GLX_ARB_get_proc_address GLX_ARB_multisample GLX_EXT_import_context GLX_EXT_visual_info GLX_EXT_visual_rating GLX_EXT_fbconfig_packed_float GLX_EXT_framebuffer_sRGB GLX_EXT_create_context_es2_profile GLX_EXT_create_context_es_profile GLX_MESA_copy_sub_buffer GLX_MESA_multithread_makecurrent GLX_MESA_query_renderer GLX_MESA_swap_control GLX_OML_swap_method GLX_OML_sync_control GLX_SGI_make_current_read GLX_SGI_swap_control GLX_SGI_video_sync GLX_SGIS_multisample GLX_SGIX_fbconfig GLX_SGIX_pbuffer GLX_SGIX_visual_select_group GLX_EXT_texture_from_pixmap GLX_INTEL_swap_event 
20:30:44: ***************************
20:30:44: *** GL Renderer Started ***
20:30:44: ***************************
20:30:44: Registering ResourceManager for type GpuProgram
20:30:44: GLSL support detected
20:30:44: GL: Using GL_EXT_framebuffer_object for rendering to textures (best)
20:30:44: FBO PF_UNKNOWN depth/stencil support: D0S1 D0S4 D0S8 D0S16 D16S0 D16S1 D16S4 D16S8 D16S16 D24S0 D24S1 D24S4 D24S8 D24S16 D32S0 D32S1 D32S4 D32S8 D32S16 Packed-D24S8 
20:30:44: FBO PF_L8 depth/stencil support: D0S0 D0S1 D0S4 D0S8 D0S16 D16S0 D16S1 D16S4 D16S8 D16S16 D24S0 D24S1 D24S4 D24S8 D24S16 D32S0 D32S1 D32S4 D32S8 D32S16 Packed-D24S8 
20:30:44: FBO PF_L16 depth/stencil support: D0S0 D0S1 D0S4 D0S8 D0S16 D16S0 D16S1 D16S4 D16S8 D16S16 D24S0 D24S1 D24S4 D24S8 D24S16 D32S0 D32S1 D32S4 D32S8 D32S16 Packed-D24S8 
20:30:44: FBO PF_A8 depth/stencil support: D0S0 D0S1 D0S4 D0S8 D0S16 D16S0 D16S1 D16S4 D16S8 D16S16 D24S0 D24S1 D24S4 D24S8 D24S16 D32S0 D32S1 D32S4 D32S8 D32S16 Packed-D24S8 
20:30:44: FBO PF_R5G6B5 depth/stencil support: D0S0 D0S1 D0S4 D0S8 D0S16 D16S0 D16S1 D16S4 D16S8 D16S16 D24S0 D24S1 D24S4 D24S8 D24S16 D32S0 D32S1 D32S4 D32S8 D32S16 Packed-D24S8 
20:30:44: FBO PF_B5G6R5 depth/stencil support: D0S0 D0S1 D0S4 D0S8 D0S16 D16S0 D16S1 D16S4 D16S8 D16S16 D24S0 D24S1 D24S4 D24S8 D24S16 D32S0 D32S1 D32S4 D32S8 D32S16 Packed-D24S8 
20:30:44: FBO PF_A4R4G4B4 depth/stencil support: D0S0 D0S1 D0S4 D0S8 D0S16 D16S0 D16S1 D16S4 D16S8 D16S16 D24S0 D24S1 D24S4 D24S8 D24S16 D32S0 D32S1 D32S4 D32S8 D32S16 Packed-D24S8 
20:30:44: FBO PF_A1R5G5B5 depth/stencil support: D0S0 D0S1 D0S4 D0S8 D0S16 D16S0 D16S1 D16S4 D16S8 D16S16 D24S0 D24S1 D24S4 D24S8 D24S16 D32S0 D32S1 D32S4 D32S8 D32S16 Packed-D24S8 
20:30:44: FBO PF_R8G8B8 depth/stencil support: D0S0 D0S1 D0S4 D0S8 D0S16 D16S0 D16S1 D16S4 D16S8 D16S16 D24S0 D24S1 D24S4 D24S8 D24S16 D32S0 D32S1 D32S4 D32S8 D32S16 Packed-D24S8 
20:30:44: FBO PF_B8G8R8 depth/stencil support: D0S0 D0S1 D0S4 D0S8 D0S16 D16S0 D16S1 D16S4 D16S8 D16S16 D24S0 D24S1 D24S4 D24S8 D24S16 D32S0 D32S1 D32S4 D32S8 D32S16 Packed-D24S8 
20:30:44: FBO PF_A8R8G8B8 depth/stencil support: D0S0 D0S1 D0S4 D0S8 D0S16 D16S0 D16S1 D16S4 D16S8 D16S16 D24S0 D24S1 D24S4 D24S8 D24S16 D32S0 D32S1 D32S4 D32S8 D32S16 Packed-D24S8 
20:30:44: FBO PF_B8G8R8A8 depth/stencil support: D0S0 D0S1 D0S4 D0S8 D0S16 D16S0 D16S1 D16S4 D16S8 D16S16 D24S0 D24S1 D24S4 D24S8 D24S16 D32S0 D32S1 D32S4 D32S8 D32S16 Packed-D24S8 
20:30:44: FBO PF_A2R10G10B10 depth/stencil support: D0S0 D0S1 D0S4 D0S8 D0S16 D16S0 D16S1 D16S4 D16S8 D16S16 D24S0 D24S1 D24S4 D24S8 D24S16 D32S0 D32S1 D32S4 D32S8 D32S16 Packed-D24S8 
20:30:44: FBO PF_A2B10G10R10 depth/stencil support: D0S0 D0S1 D0S4 D0S8 D0S16 D16S0 D16S1 D16S4 D16S8 D16S16 D24S0 D24S1 D24S4 D24S8 D24S16 D32S0 D32S1 D32S4 D32S8 D32S16 Packed-D24S8 
20:30:44: FBO PF_FLOAT16_RGB depth/stencil support: D0S0 D0S1 D0S4 D0S8 D0S16 D16S0 D16S1 D16S4 D16S8 D16S16 D24S0 D24S1 D24S4 D24S8 D24S16 D32S0 D32S1 D32S4 D32S8 D32S16 Packed-D24S8 
20:30:44: FBO PF_FLOAT16_RGBA depth/stencil support: D0S0 D0S1 D0S4 D0S8 D0S16 D16S0 D16S1 D16S4 D16S8 D16S16 D24S0 D24S1 D24S4 D24S8 D24S16 D32S0 D32S1 D32S4 D32S8 D32S16 Packed-D24S8 
20:30:44: FBO PF_FLOAT32_RGBA depth/stencil support: D0S0 D0S1 D0S4 D0S8 D0S16 D16S0 D16S1 D16S4 D16S8 D16S16 D24S0 D24S1 D24S4 D24S8 D24S16 D32S0 D32S1 D32S4 D32S8 D32S16 Packed-D24S8 
20:30:44: FBO PF_X8R8G8B8 depth/stencil support: D0S0 D0S1 D0S4 D0S8 D0S16 D16S0 D16S1 D16S4 D16S8 D16S16 D24S0 D24S1 D24S4 D24S8 D24S16 D32S0 D32S1 D32S4 D32S8 D32S16 Packed-D24S8 
20:30:44: FBO PF_X8B8G8R8 depth/stencil support: D0S0 D0S1 D0S4 D0S8 D0S16 D16S0 D16S1 D16S4 D16S8 D16S16 D24S0 D24S1 D24S4 D24S8 D24S16 D32S0 D32S1 D32S4 D32S8 D32S16 Packed-D24S8 
20:30:44: FBO PF_SHORT_RGBA depth/stencil support: D0S0 D0S1 D0S4 D0S8 D0S16 D16S0 D16S1 D16S4 D16S8 D16S16 D24S0 D24S1 D24S4 D24S8 D24S16 D32S0 D32S1 D32S4 D32S8 D32S16 Packed-D24S8 
20:30:44: FBO PF_R3G3B2 depth/stencil support: D0S0 D0S1 D0S4 D0S8 D0S16 D16S0 D16S1 D16S4 D16S8 D16S16 D24S0 D24S1 D24S4 D24S8 D24S16 D32S0 D32S1 D32S4 D32S8 D32S16 Packed-D24S8 
20:30:44: FBO PF_FLOAT16_R depth/stencil support: D0S0 D0S1 D0S4 D0S8 D0S16 D16S0 D16S1 D16S4 D16S8 D16S16 D24S0 D24S1 D24S4 D24S8 D24S16 D32S0 D32S1 D32S4 D32S8 D32S16 Packed-D24S8 
20:30:44: FBO PF_FLOAT32_R depth/stencil support: D0S0 D0S1 D0S4 D0S8 D0S16 D16S0 D16S1 D16S4 D16S8 D16S16 D24S0 D24S1 D24S4 D24S8 D24S16 D32S0 D32S1 D32S4 D32S8 D32S16 Packed-D24S8 
20:30:44: FBO PF_SHORT_RGB depth/stencil support: D0S0 D0S1 D0S4 D0S8 D0S16 D16S0 D16S1 D16S4 D16S8 D16S16 D24S0 D24S1 D24S4 D24S8 D24S16 D32S0 D32S1 D32S4 D32S8 D32S16 Packed-D24S8 
20:30:44: [GL] : Valid FBO targets PF_UNKNOWN PF_L8 PF_L16 PF_A8 PF_R5G6B5 PF_B5G6R5 PF_A4R4G4B4 PF_A1R5G5B5 PF_R8G8B8 PF_B8G8R8 PF_A8R8G8B8 PF_B8G8R8A8 PF_A2R10G10B10 PF_A2B10G10R10 PF_FLOAT16_RGB PF_FLOAT16_RGBA PF_FLOAT32_RGBA PF_X8R8G8B8 PF_X8B8G8R8 PF_SHORT_RGBA PF_R3G3B2 PF_FLOAT16_R PF_FLOAT32_R PF_SHORT_RGB 
20:30:44: RenderSystem capabilities
20:30:44: -------------------------
20:30:44: RenderSystem Name: OpenGL Rendering Subsystem
20:30:44: GPU Vendor: intel
20:30:44: Device Name: Mesa DRI Intel(R) HD Graphics 630 (Kaby Lake GT2) 
20:30:44: Driver Version: 3.0.0.0
20:30:44:  * Fixed function pipeline: yes
20:30:44:  * Hardware generation of mipmaps: no
20:30:44:  * Texture blending: yes
20:30:44:  * Anisotropic texture filtering: yes
20:30:44:  * Dot product texture operation: yes
20:30:44:  * Cube mapping: yes
20:30:44:  * Hardware stencil buffer: yes
20:30:44:    - Stencil depth: 8
20:30:44:    - Two sided stencil support: yes
20:30:44:    - Wrap stencil values: yes
20:30:44:  * Hardware vertex / index buffers: yes
20:30:44:  * Vertex programs: yes
20:30:44:  * Number of floating-point constants for vertex programs: 4096
20:30:44:  * Number of integer constants for vertex programs: 0
20:30:44:  * Number of boolean constants for vertex programs: 0
20:30:44:  * Fragment programs: yes
20:30:44:  * Number of floating-point constants for fragment programs: 4096
20:30:44:  * Number of integer constants for fragment programs: 0
20:30:44:  * Number of boolean constants for fragment programs: 0
20:30:44:  * Geometry programs: no
20:30:44:  * Number of floating-point constants for geometry programs: 0
20:30:44:  * Number of integer constants for geometry programs: 40392
20:30:44:  * Number of boolean constants for geometry programs: 50900
20:30:44:  * Tesselation Hull programs: no
20:30:44:  * Number of floating-point constants for tesselation hull programs: 12848
20:30:44:  * Number of integer constants for tesselation hull programs: 52
20:30:44:  * Number of boolean constants for tesselation hull programs: 0
20:30:44:  * Tesselation Domain programs: no
20:30:44:  * Number of floating-point constants for tesselation domain programs: 0
20:30:44:  * Number of integer constants for tesselation domain programs: 40488
20:30:44:  * Number of boolean constants for tesselation domain programs: 50900
20:30:44:  * Compute programs: no
20:30:44:  * Number of floating-point constants for compute programs: 32596
20:30:44:  * Number of integer constants for compute programs: 0
20:30:44:  * Number of boolean constants for compute programs: 11
20:30:44:  * Supported Shader Profiles: arbfp1 arbvp1 glsl
20:30:44:  * Texture Compression: yes
20:30:44:    - DXT: yes
20:30:44:    - VTC: no
20:30:44:    - PVRTC: no
20:30:44:    - ATC: no
20:30:44:    - ETC1: no
20:30:44:    - ETC2: no
20:30:44:    - BC4/BC5: no
20:30:44:    - BC6H/BC7: no
20:30:44:  * Scissor Rectangle: yes
20:30:44:  * Hardware Occlusion Query: yes
20:30:44:  * User clip planes: yes
20:30:44:  * VET_UBYTE4 vertex element type: yes
20:30:44:  * Infinite far plane projection: yes
20:30:44:  * Hardware render-to-texture: yes
20:30:44:  * Floating point textures: yes
20:30:44:  * Non-power-of-two textures: yes
20:30:44:  * 1d textures: yes
20:30:44:  * Volume textures: yes
20:30:44:  * Multiple Render Targets: 8
20:30:44:    - With different bit depths: yes
20:30:44:  * Point Sprites: yes
20:30:44:  * Extended point parameters: yes
20:30:44:  * Max Point Size: 255
20:30:44:  * Vertex texture fetch: yes
20:30:44:  * Number of world matrices: 0
20:30:44:  * Number of texture units: 16
20:30:44:  * Stencil buffer depth: 8
20:30:44:  * Number of vertex blend matrices: 0
20:30:44:    - Max vertex textures: 32
20:30:44:    - Vertex textures shared: yes
20:30:44:  * Render to Vertex Buffer : no
20:30:44:  * Hardware Atomic Counters: no
20:30:44:  * GL 1.5 without VBO workaround: no
20:30:44:  * Frame Buffer objects: yes
20:30:44:  * Frame Buffer objects (ARB extension): no
20:30:44:  * Frame Buffer objects (ATI extension): no
20:30:44:  * PBuffer support: yes
20:30:44:  * GL 1.5 without HW-occlusion workaround: no
20:30:44:  * Vertex Array Objects: no
20:30:44:  * Separate shader objects: no
20:30:44: DefaultWorkQueue('Root') initialising on thread 7f54c6e3d800.
20:30:44: DefaultWorkQueue('Root')::WorkerFunc - thread 7f54b6f69700 starting.
20:30:44: DefaultWorkQueue('Root')::WorkerFunc - thread 7f54b6768700 starting.
20:30:44: DefaultWorkQueue('Root')::WorkerFunc - thread 7f54b5f67700 starting.
20:30:44: DefaultWorkQueue('Root')::WorkerFunc - thread 7f54b5766700 starting.
20:30:44: DefaultWorkQueue('Root')::WorkerFunc - thread 7f54b4f65700 starting.
20:30:44: DefaultWorkQueue('Root')::WorkerFunc - thread 7f54a7fff700 starting.
20:30:44: DefaultWorkQueue('Root')::WorkerFunc - thread 7f54a77fe700 starting.
20:30:44: Particle Renderer Type 'billboard' registered
20:30:44: SceneManagerFactory for type 'BspSceneManager' registered.
20:30:44: Registering ResourceManager for type BspLevel
20:30:44: DefaultWorkQueue('Root')::WorkerFunc - thread 7f549ffff700 starting.
20:30:44: SceneManagerFactory for type 'PCZSceneManager' registered.
20:30:44: MovableObjectFactory for type 'PCZLight' registered.
20:30:44: MovableObjectFactory for type 'Portal' registered.
20:30:44: MovableObjectFactory for type 'AntiPortal' registered.
20:30:44: PCZone Factory Type 'ZoneType_Octree' registered
20:30:44: SceneManagerFactory for type 'OctreeSceneManager' registered.
20:30:44: CPU Identifier & Features
20:30:44: -------------------------
20:30:44:  *   CPU ID: GenuineIntel: Intel(R) Core(TM) i7-7700HQ CPU @ 2.80GHz
20:30:44:  *      SSE: yes
20:30:44:  *     SSE2: yes
20:30:44:  *     SSE3: yes
20:30:44:  *      MMX: yes
20:30:44:  *   MMXEXT: yes
20:30:44:  *    3DNOW: no
20:30:44:  * 3DNOWEXT: no
20:30:44:  *     CMOV: yes
20:30:44:  *      TSC: yes
20:30:44:  *      FPU: yes
20:30:44:  *      PRO: yes
20:30:44:  *       HT: no
20:30:44: -------------------------
20:30:44: ******************************
*** Starting GLX Subsystem ***
******************************
20:30:44: Registering ResourceManager for type Texture
20:30:44: GLRenderSystem::_createRenderWindow "CS381 Game Engine Version 1.0", 1920x1080 windowed  miscParams: FSAA=0 displayFrequency=54 Hz gamma=No vsync=No 
20:30:44: GLXWindow::create used FBConfigID = 158
20:30:44: Can't assign material debug_draw to the ManualObject debug_object because this Material does not exist. Have you forgotten to define it in a .material script?
20:30:44: Can't assign material debug_draw to the ManualObject debug_object because this Material does not exist. Have you forgotten to define it in a .material script?
20:30:44: OverlayElementFactory for type Panel registered.
20:30:44: OverlayElementFactory for type BorderPanel registered.
20:30:44: OverlayElementFactory for type TextArea registered.
20:30:44: Registering ResourceManager for type Font
20:30:44: Parsing scripts for resource group Autodetect
20:30:44: Finished parsing scripts for resource group Autodetect
20:30:44: Creating resources for group Autodetect
20:30:44: All done
20:30:44: Parsing scripts for resource group General
20:30:44: Parsing script DualQuaternion.program
20:30:44: OGRE EXCEPTION(7:InternalErrorException): Unable to compile Cg program Ogre/DualQuaternionHardwareSkinningTwoWeightsTwoPhaseCg: The compile returned an error.
DualQuaternion_Common.cg(167) : warning C7019: "blendWgt" is too large for semantic "BLENDWEIGHT", which is size 1
(0) : error C6007: Constant register limit exceeded; more than 96 constant registers needed to compiled program
(0) : error C6007: Constant register limit exceeded; more than 96 constant registers needed to compiled program
(0) : error C6007: Constant register limit exceeded; more than 96 constant registers needed to compiled program
(0) : error C6007: Constant register limit exceeded; more than 96 constant registers needed to compiled program
(0) : error C6007: Constant register limit exceeded; more than 96 constant registers needed to compiled program
(0) : error C6007: Constant register limit exceeded; more than 96 constant registers needed to compiled program
(0) : error C6007: Constant register limit exceeded; more than 96 constant registers needed to compiled program
(0) : error C6007: Constant register limit exceeded; more than 96 constant registers needed to compiled program
 in CgProgram::compileMicrocode at /home/zachcooper/ogre/PlugIns/CgProgramManager/src/OgreCgProgramManagerDll.cpp (line 67)
20:30:44: High-level program Ogre/DualQuaternionHardwareSkinningTwoWeightsTwoPhaseCg encountered an error during loading and is thus not supported.
OGRE EXCEPTION(7:InternalErrorException): Unable to compile Cg program Ogre/DualQuaternionHardwareSkinningTwoWeightsTwoPhaseCg: The compile returned an error.
DualQuaternion_Common.cg(167) : warning C7019: "blendWgt" is too large for semantic "BLENDWEIGHT", which is size 1
(0) : error C6007: Constant register limit exceeded; more than 96 constant registers needed to compiled program
(0) : error C6007: Constant register limit exceeded; more than 96 constant registers needed to compiled program
(0) : error C6007: Constant register limit exceeded; more than 96 constant registers needed to compiled program
(0) : error C6007: Constant register limit exceeded; more than 96 constant registers needed to compiled program
(0) : error C6007: Constant register limit exceeded; more than 96 constant registers needed to compiled program
(0) : error C6007: Constant register limit exceeded; more than 96 constant registers needed to compiled program
(0) : error C6007: Constant register limit exceeded; more than 96 constant registers needed to compiled program
(0) : error C6007: Constant register limit exceeded; more than 96 constant registers needed to compiled program
 in CgProgram::compileMicrocode at /home/zachcooper/ogre/PlugIns/CgProgramManager/src/OgreCgProgramManagerDll.cpp (line 67)
20:30:44: OGRE EXCEPTION(2:InvalidParametersException): Named constants have not been initialised, perhaps a compile error. in GpuProgramParameters::_findNamedConstantDefinition at /home/zachcooper/ogre/OgreMain/src/OgreGpuProgramParams.cpp (line 1709)
20:30:44: Compiler error: invalid parameters in DualQuaternion.program(28): setting of constant failed
20:30:44: Parsing script Instancing.program
20:30:44: Parsing script Examples.program
20:30:44: OGRE EXCEPTION(2:InvalidParametersException): Parameter called ambient does not exist.  in GpuProgramParameters::_findNamedConstantDefinition at /home/zachcooper/ogre/OgreMain/src/OgreGpuProgramParams.cpp (line 1719)
20:30:44: Compiler error: invalid parameters in Examples.program(299): setting of constant failed
20:30:44: OGRE EXCEPTION(2:InvalidParametersException): Parameter called diffuse does not exist.  in GpuProgramParameters::_findNamedConstantDefinition at /home/zachcooper/ogre/OgreMain/src/OgreGpuProgramParams.cpp (line 1719)
20:30:44: Compiler error: invalid parameters in Examples.program(300): setting of constant failed
20:30:44: OGRE EXCEPTION(7:InternalErrorException): Unable to compile Cg program Ogre/HardwareMorphAnimationWithNormalsCg: The compile returned an error.
(0) : error C3001: no program defined
 in CgProgram::compileMicrocode at /home/zachcooper/ogre/PlugIns/CgProgramManager/src/OgreCgProgramManagerDll.cpp (line 67)
20:30:44: High-level program Ogre/HardwareMorphAnimationWithNormalsCg encountered an error during loading and is thus not supported.
OGRE EXCEPTION(7:InternalErrorException): Unable to compile Cg program Ogre/HardwareMorphAnimationWithNormalsCg: The compile returned an error.
(0) : error C3001: no program defined
 in CgProgram::compileMicrocode at /home/zachcooper/ogre/PlugIns/CgProgramManager/src/OgreCgProgramManagerDll.cpp (line 67)
20:30:44: OGRE EXCEPTION(2:InvalidParametersException): Named constants have not been initialised, perhaps a compile error. in GpuProgramParameters::_findNamedConstantDefinition at /home/zachcooper/ogre/OgreMain/src/OgreGpuProgramParams.cpp (line 1709)
20:30:44: Compiler error: invalid parameters in Examples.program(431): setting of constant failed
20:30:44: OGRE EXCEPTION(2:InvalidParametersException): Named constants have not been initialised, perhaps a compile error. in GpuProgramParameters::_findNamedConstantDefinition at /home/zachcooper/ogre/OgreMain/src/OgreGpuProgramParams.cpp (line 1709)
20:30:44: Compiler error: invalid parameters in Examples.program(432): setting of constant failed
20:30:44: OGRE EXCEPTION(2:InvalidParametersException): Named constants have not been initialised, perhaps a compile error. in GpuProgramParameters::_findNamedConstantDefinition at /home/zachcooper/ogre/OgreMain/src/OgreGpuProgramParams.cpp (line 1709)
20:30:44: Compiler error: invalid parameters in Examples.program(433): setting of constant failed
20:30:44: OGRE EXCEPTION(2:InvalidParametersException): Named constants have not been initialised, perhaps a compile error. in GpuProgramParameters::_findNamedConstantDefinition at /home/zachcooper/ogre/OgreMain/src/OgreGpuProgramParams.cpp (line 1709)
20:30:44: Compiler error: invalid parameters in Examples.program(434): setting of constant failed
20:30:44: OGRE EXCEPTION(7:InternalErrorException): Unable to compile Cg program Ogre/HardwarePoseAnimationWithNormalsCg: The compile returned an error.
(0) : error C3001: no program defined
 in CgProgram::compileMicrocode at /home/zachcooper/ogre/PlugIns/CgProgramManager/src/OgreCgProgramManagerDll.cpp (line 67)
20:30:44: High-level program Ogre/HardwarePoseAnimationWithNormalsCg encountered an error during loading and is thus not supported.
OGRE EXCEPTION(7:InternalErrorException): Unable to compile Cg program Ogre/HardwarePoseAnimationWithNormalsCg: The compile returned an error.
(0) : error C3001: no program defined
 in CgProgram::compileMicrocode at /home/zachcooper/ogre/PlugIns/CgProgramManager/src/OgreCgProgramManagerDll.cpp (line 67)
20:30:44: OGRE EXCEPTION(2:InvalidParametersException): Named constants have not been initialised, perhaps a compile error. in GpuProgramParameters::_findNamedConstantDefinition at /home/zachcooper/ogre/OgreMain/src/OgreGpuProgramParams.cpp (line 1709)
20:30:44: Compiler error: invalid parameters in Examples.program(484): setting of constant failed
20:30:44: OGRE EXCEPTION(2:InvalidParametersException): Named constants have not been initialised, perhaps a compile error. in GpuProgramParameters::_findNamedConstantDefinition at /home/zachcooper/ogre/OgreMain/src/OgreGpuProgramParams.cpp (line 1709)
20:30:44: Compiler error: invalid parameters in Examples.program(485): setting of constant failed
20:30:44: OGRE EXCEPTION(2:InvalidParametersException): Named constants have not been initialised, perhaps a compile error. in GpuProgramParameters::_findNamedConstantDefinition at /home/zachcooper/ogre/OgreMain/src/OgreGpuProgramParams.cpp (line 1709)
20:30:44: Compiler error: invalid parameters in Examples.program(486): setting of constant failed
20:30:44: OGRE EXCEPTION(2:InvalidParametersException): Named constants have not been initialised, perhaps a compile error. in GpuProgramParameters::_findNamedConstantDefinition at /home/zachcooper/ogre/OgreMain/src/OgreGpuProgramParams.cpp (line 1709)
20:30:44: Compiler error: invalid parameters in Examples.program(487): setting of constant failed
20:30:44: Parsing script StdQuad_vp.program
20:30:44: OGRE EXCEPTION(2:InvalidParametersException): Parameter called worldViewProj does not exist.  in GpuProgramParameters::_findNamedConstantDefinition at /home/zachcooper/ogre/OgreMain/src/OgreGpuProgramParams.cpp (line 1719)
20:30:44: Compiler error: invalid parameters in StdQuad_vp.program(66): setting of constant failed
20:30:44: Parsing script deferred_post.program
20:30:44: Parsing script ShadowCaster.program
20:30:44: Parsing script GBuffer.program
20:30:44: Parsing script triplanarReference.program
20:30:44: Parsing script StdQuad_vp.program
20:30:44: Parsing script Examples.program
20:30:44: Parsing script SdkTrays.material
20:30:44: Parsing script OgreProfiler.material
20:30:44: Parsing script NightVision.material
20:30:44: Parsing script Examples-DynTex.material
20:30:44: Parsing script Tiling.material
20:30:44: OGRE EXCEPTION(2:InvalidParametersException): Parameter called Threshold does not exist.  in GpuProgramParameters::_findNamedConstantDefinition at /home/zachcooper/ogre/OgreMain/src/OgreGpuProgramParams.cpp (line 1719)
20:30:44: Compiler error: invalid parameters in Tiling.material(46): setting of constant failed
20:30:44: Parsing script MotionBlur.material
20:30:44: Parsing script RZR-002.material
20:30:44: Parsing script GLSLSwizzle.material
20:30:44: Parsing script DepthShadowmap.material
20:30:44: Parsing script Posterize.material
20:30:44: Parsing script BlackAndWhite.material
20:30:44: Parsing script SharpenEdges.material
20:30:44: Parsing script Examples.material
20:30:44: OGRE EXCEPTION(7:InternalErrorException): Unable to compile Cg program Examples/GrassWaverFpCg: The compile returned an error.
(0) : error C3001: no program defined
 in CgProgram::compileMicrocode at /home/zachcooper/ogre/PlugIns/CgProgramManager/src/OgreCgProgramManagerDll.cpp (line 67)
20:30:44: High-level program Examples/GrassWaverFpCg encountered an error during loading and is thus not supported.
OGRE EXCEPTION(7:InternalErrorException): Unable to compile Cg program Examples/GrassWaverFpCg: The compile returned an error.
(0) : error C3001: no program defined
 in CgProgram::compileMicrocode at /home/zachcooper/ogre/PlugIns/CgProgramManager/src/OgreCgProgramManagerDll.cpp (line 67)
20:30:44: Parsing script Bloom2.material
20:30:44: OGRE EXCEPTION(2:InvalidParametersException): Parameter called worldViewProj does not exist.  in GpuProgramParameters::_findNamedConstantDefinition at /home/zachcooper/ogre/OgreMain/src/OgreGpuProgramParams.cpp (line 1719)
20:30:44: Compiler error: invalid parameters in Bloom2.material(26): setting of constant failed
20:30:44: Parsing script OldTV.material
20:30:44: Parsing script sibenik.material
20:30:44: Parsing script ShaderSystem.material
20:30:44: Parsing script ASCII.material
20:30:44: Parsing script Hurt.material
20:30:44: Parsing script CGSwizzle.material
20:30:44: Parsing script CompositorDemo.material
20:30:44: Parsing script Dither.material
20:30:44: Parsing script RasterizationOrder.material
20:30:44: Parsing script RadialBlur.material
20:30:44: Parsing script ParticleGS.material
20:30:44: Parsing script Tesselation.material
20:30:44: Parsing script facial.material
20:30:44: Parsing script OldMovie.material
20:30:44: Parsing script Halftone.material
20:30:44: Parsing script InstancingMisc.material
20:30:44: Parsing script HW_VTF_LUTInstancing.material
20:30:44: Parsing script pssm.material
20:30:44: Parsing script MRTtest.material
20:30:44: Parsing script IsoSurf.material
20:30:44: OGRE EXCEPTION(7:InternalErrorException): Unable to compile Cg program Ogre/IsoSurf/SampleFieldVS_CG: The compile returned an error.
(0) : error C3001: no program defined
 in CgProgram::compileMicrocode at /home/zachcooper/ogre/PlugIns/CgProgramManager/src/OgreCgProgramManagerDll.cpp (line 67)
20:30:44: High-level program Ogre/IsoSurf/SampleFieldVS_CG encountered an error during loading and is thus not supported.
OGRE EXCEPTION(7:InternalErrorException): Unable to compile Cg program Ogre/IsoSurf/SampleFieldVS_CG: The compile returned an error.
(0) : error C3001: no program defined
 in CgProgram::compileMicrocode at /home/zachcooper/ogre/PlugIns/CgProgramManager/src/OgreCgProgramManagerDll.cpp (line 67)
20:30:44: OGRE EXCEPTION(2:InvalidParametersException): Named constants have not been initialised, perhaps a compile error. in GpuProgramParameters::_findNamedConstantDefinition at /home/zachcooper/ogre/OgreMain/src/OgreGpuProgramParams.cpp (line 1709)
20:30:44: Compiler error: invalid parameters in IsoSurf.material(49): setting of constant failed
20:30:44: OGRE EXCEPTION(2:InvalidParametersException): Named constants have not been initialised, perhaps a compile error. in GpuProgramParameters::_findNamedConstantDefinition at /home/zachcooper/ogre/OgreMain/src/OgreGpuProgramParams.cpp (line 1709)
20:30:44: Compiler error: invalid parameters in IsoSurf.material(50): setting of constant failed
20:30:44: OGRE EXCEPTION(2:InvalidParametersException): Named constants have not been initialised, perhaps a compile error. in GpuProgramParameters::_findNamedConstantDefinition at /home/zachcooper/ogre/OgreMain/src/OgreGpuProgramParams.cpp (line 1709)
20:30:44: Compiler error: invalid parameters in IsoSurf.material(51): setting of constant failed
20:30:44: OGRE EXCEPTION(7:InternalErrorException): Unable to compile Cg program Ogre/IsoSurf/MetaballPS_CG: The compile returned an error.
(0) : error C3001: no program defined
 in CgProgram::compileMicrocode at /home/zachcooper/ogre/PlugIns/CgProgramManager/src/OgreCgProgramManagerDll.cpp (line 67)
20:30:44: High-level program Ogre/IsoSurf/MetaballPS_CG encountered an error during loading and is thus not supported.
OGRE EXCEPTION(7:InternalErrorException): Unable to compile Cg program Ogre/IsoSurf/MetaballPS_CG: The compile returned an error.
(0) : error C3001: no program defined
 in CgProgram::compileMicrocode at /home/zachcooper/ogre/PlugIns/CgProgramManager/src/OgreCgProgramManagerDll.cpp (line 67)
20:30:44: Parsing script Laplace.material
20:30:44: Parsing script DualQuaternion.material
20:30:44: Parsing script Ogre.material
20:30:44: Parsing script Examples-Advanced.material
20:30:44: Compiler error: object unsupported by render system in Examples-Advanced.material(640): , Shader name: Examples/FresnelRefractReflectPS
20:30:44: Compiler error: object unsupported by render system in Examples-Advanced.material(938): , Shader name: Examples/TextureArrayPSasm
20:30:44: Parsing script smoke.material
20:30:44: Parsing script Ocean.material
20:30:44: OGRE EXCEPTION(2:InvalidParametersException): Parameter called worldViewProj does not exist.  in GpuProgramParameters::_findNamedConstantDefinition at /home/zachcooper/ogre/OgreMain/src/OgreGpuProgramParams.cpp (line 1719)
20:30:44: Compiler error: invalid parameters in Ocean.material(56): setting of constant failed
20:30:44: OGRE EXCEPTION(2:InvalidParametersException): Parameter called worldViewProj does not exist.  in GpuProgramParameters::_findNamedConstantDefinition at /home/zachcooper/ogre/OgreMain/src/OgreGpuProgramParams.cpp (line 1719)
20:30:44: Compiler error: invalid parameters in Ocean.material(488): setting of constant failed
20:30:44: Parsing script DOF.material
20:30:44: Parsing script Embossed.material
20:30:44: Parsing script shadows.material
20:30:44: Parsing script VTFInstancing.material
20:30:44: Parsing script HW_VTFInstancing.material
20:30:44: Parsing script instancing.material
20:30:44: Parsing script HeatVision.material
20:30:44: Parsing script AdaptivePNTrianglesTessellation.material
20:30:44: Parsing script Examples-Water.material
20:30:44: Parsing script hdr.material
20:30:44: Parsing script VarianceShadowmap.material
20:30:44: Parsing script OffsetMapping.material
20:30:44: Compiler error: object unsupported by render system in OffsetMapping.material(35): , Shader name: Examples/OffsetMappingPSAsm
20:30:44: Parsing script Penguin.material
20:30:44: Parsing script ASMSwizzle.material
20:30:44: Compiler error: object unsupported by render system in ASMSwizzle.material(1): , Shader name: Ogre/GPTest/Swizzle_GP_ASM
20:30:44: Parsing script Example-Water.material
20:30:44: Parsing script Glass.material
20:30:44: Parsing script Bloom.material
20:30:44: OGRE EXCEPTION(2:InvalidParametersException): Parameter called worldViewProj does not exist.  in GpuProgramParameters::_findNamedConstantDefinition at /home/zachcooper/ogre/OgreMain/src/OgreGpuProgramParams.cpp (line 1719)
20:30:44: Compiler error: invalid parameters in Bloom.material(38): setting of constant failed
20:30:44: OGRE EXCEPTION(2:InvalidParametersException): Parameter called worldViewProj does not exist.  in GpuProgramParameters::_findNamedConstantDefinition at /home/zachcooper/ogre/OgreMain/src/OgreGpuProgramParams.cpp (line 1719)
20:30:44: Compiler error: invalid parameters in Bloom.material(46): setting of constant failed
20:30:44: Parsing script HWInstancing.material
20:30:44: Parsing script Invert.material
20:30:44: Parsing script ShaderInstancing.material
20:30:44: Parsing script deferred_post_minilight.material
20:30:44: Parsing script ssao.material
20:30:44: Parsing script deferreddemo.material
20:30:44: Parsing script deferred_post.material
20:30:44: Parsing script ShadowCaster.material
20:30:44: Parsing script ROOM.material
20:30:44: Parsing script DualQuaternionSkinning_Shadow.material
20:30:44: OGRE EXCEPTION(6:FileNotFoundException): Cannot locate resource DualQuaternionSkinning_Shadow.cg in resource group General or any other group. in ResourceGroupManager::openResource at /home/zachcooper/ogre/OgreMain/src/OgreResourceGroupManager.cpp (line 756)
20:30:44: High-level program Ogre/RTShader/shadow_caster_dq_ps_cg encountered an error during loading and is thus not supported.
OGRE EXCEPTION(6:FileNotFoundException): Cannot locate resource DualQuaternionSkinning_Shadow.cg in resource group General or any other group. in ResourceGroupManager::openResource at /home/zachcooper/ogre/OgreMain/src/OgreResourceGroupManager.cpp (line 756)
20:30:44: OGRE EXCEPTION(6:FileNotFoundException): Cannot locate resource DualQuaternionSkinning_Shadow.cg in resource group General or any other group. in ResourceGroupManager::openResource at /home/zachcooper/ogre/OgreMain/src/OgreResourceGroupManager.cpp (line 756)
20:30:44: High-level program Ogre/RTShader/shadow_caster_dq_skinning_1weight_vs_cg encountered an error during loading and is thus not supported.
OGRE EXCEPTION(6:FileNotFoundException): Cannot locate resource DualQuaternionSkinning_Shadow.cg in resource group General or any other group. in ResourceGroupManager::openResource at /home/zachcooper/ogre/OgreMain/src/OgreResourceGroupManager.cpp (line 756)
20:30:44: OGRE EXCEPTION(2:InvalidParametersException): Named constants have not been initialised, perhaps a compile error. in GpuProgramParameters::_findNamedConstantDefinition at /home/zachcooper/ogre/OgreMain/src/OgreGpuProgramParams.cpp (line 1709)
20:30:44: Compiler error: invalid parameters in DualQuaternionSkinning_Shadow.material(149): setting of constant failed
20:30:44: OGRE EXCEPTION(2:InvalidParametersException): Named constants have not been initialised, perhaps a compile error. in GpuProgramParameters::_findNamedConstantDefinition at /home/zachcooper/ogre/OgreMain/src/OgreGpuProgramParams.cpp (line 1709)
20:30:44: Compiler error: invalid parameters in DualQuaternionSkinning_Shadow.material(150): setting of constant failed
20:30:44: OGRE EXCEPTION(2:InvalidParametersException): Named constants have not been initialised, perhaps a compile error. in GpuProgramParameters::_findNamedConstantDefinition at /home/zachcooper/ogre/OgreMain/src/OgreGpuProgramParams.cpp (line 1709)
20:30:44: Compiler error: invalid parameters in DualQuaternionSkinning_Shadow.material(151): setting of constant failed
20:30:44: OGRE EXCEPTION(6:FileNotFoundException): Cannot locate resource DualQuaternionSkinning_Shadow.cg in resource group General or any other group. in ResourceGroupManager::openResource at /home/zachcooper/ogre/OgreMain/src/OgreResourceGroupManager.cpp (line 756)
20:30:44: High-level program Ogre/RTShader/shadow_caster_dq_skinning_2weight_vs_cg encountered an error during loading and is thus not supported.
OGRE EXCEPTION(6:FileNotFoundException): Cannot locate resource DualQuaternionSkinning_Shadow.cg in resource group General or any other group. in ResourceGroupManager::openResource at /home/zachcooper/ogre/OgreMain/src/OgreResourceGroupManager.cpp (line 756)
20:30:44: OGRE EXCEPTION(2:InvalidParametersException): Named constants have not been initialised, perhaps a compile error. in GpuProgramParameters::_findNamedConstantDefinition at /home/zachcooper/ogre/OgreMain/src/OgreGpuProgramParams.cpp (line 1709)
20:30:44: Compiler error: invalid parameters in DualQuaternionSkinning_Shadow.material(165): setting of constant failed
20:30:44: OGRE EXCEPTION(2:InvalidParametersException): Named constants have not been initialised, perhaps a compile error. in GpuProgramParameters::_findNamedConstantDefinition at /home/zachcooper/ogre/OgreMain/src/OgreGpuProgramParams.cpp (line 1709)
20:30:44: Compiler error: invalid parameters in DualQuaternionSkinning_Shadow.material(166): setting of constant failed
20:30:44: OGRE EXCEPTION(2:InvalidParametersException): Named constants have not been initialised, perhaps a compile error. in GpuProgramParameters::_findNamedConstantDefinition at /home/zachcooper/ogre/OgreMain/src/OgreGpuProgramParams.cpp (line 1709)
20:30:44: Compiler error: invalid parameters in DualQuaternionSkinning_Shadow.material(167): setting of constant failed
20:30:44: OGRE EXCEPTION(6:FileNotFoundException): Cannot locate resource DualQuaternionSkinning_Shadow.cg in resource group General or any other group. in ResourceGroupManager::openResource at /home/zachcooper/ogre/OgreMain/src/OgreResourceGroupManager.cpp (line 756)
20:30:44: High-level program Ogre/RTShader/shadow_caster_dq_skinning_3weight_vs_cg encountered an error during loading and is thus not supported.
OGRE EXCEPTION(6:FileNotFoundException): Cannot locate resource DualQuaternionSkinning_Shadow.cg in resource group General or any other group. in ResourceGroupManager::openResource at /home/zachcooper/ogre/OgreMain/src/OgreResourceGroupManager.cpp (line 756)
20:30:44: OGRE EXCEPTION(2:InvalidParametersException): Named constants have not been initialised, perhaps a compile error. in GpuProgramParameters::_findNamedConstantDefinition at /home/zachcooper/ogre/OgreMain/src/OgreGpuProgramParams.cpp (line 1709)
20:30:44: Compiler error: invalid parameters in DualQuaternionSkinning_Shadow.material(180): setting of constant failed
20:30:44: OGRE EXCEPTION(2:InvalidParametersException): Named constants have not been initialised, perhaps a compile error. in GpuProgramParameters::_findNamedConstantDefinition at /home/zachcooper/ogre/OgreMain/src/OgreGpuProgramParams.cpp (line 1709)
20:30:44: Compiler error: invalid parameters in DualQuaternionSkinning_Shadow.material(181): setting of constant failed
20:30:44: OGRE EXCEPTION(2:InvalidParametersException): Named constants have not been initialised, perhaps a compile error. in GpuProgramParameters::_findNamedConstantDefinition at /home/zachcooper/ogre/OgreMain/src/OgreGpuProgramParams.cpp (line 1709)
20:30:44: Compiler error: invalid parameters in DualQuaternionSkinning_Shadow.material(182): setting of constant failed
20:30:44: OGRE EXCEPTION(6:FileNotFoundException): Cannot locate resource DualQuaternionSkinning_Shadow.cg in resource group General or any other group. in ResourceGroupManager::openResource at /home/zachcooper/ogre/OgreMain/src/OgreResourceGroupManager.cpp (line 756)
20:30:44: High-level program Ogre/RTShader/shadow_caster_dq_skinning_4weight_vs_cg encountered an error during loading and is thus not supported.
OGRE EXCEPTION(6:FileNotFoundException): Cannot locate resource DualQuaternionSkinning_Shadow.cg in resource group General or any other group. in ResourceGroupManager::openResource at /home/zachcooper/ogre/OgreMain/src/OgreResourceGroupManager.cpp (line 756)
20:30:44: OGRE EXCEPTION(2:InvalidParametersException): Named constants have not been initialised, perhaps a compile error. in GpuProgramParameters::_findNamedConstantDefinition at /home/zachcooper/ogre/OgreMain/src/OgreGpuProgramParams.cpp (line 1709)
20:30:44: Compiler error: invalid parameters in DualQuaternionSkinning_Shadow.material(196): setting of constant failed
20:30:44: OGRE EXCEPTION(2:InvalidParametersException): Named constants have not been initialised, perhaps a compile error. in GpuProgramParameters::_findNamedConstantDefinition at /home/zachcooper/ogre/OgreMain/src/OgreGpuProgramParams.cpp (line 1709)
20:30:44: Compiler error: invalid parameters in DualQuaternionSkinning_Shadow.material(197): setting of constant failed
20:30:44: OGRE EXCEPTION(2:InvalidParametersException): Named constants have not been initialised, perhaps a compile error. in GpuProgramParameters::_findNamedConstantDefinition at /home/zachcooper/ogre/OgreMain/src/OgreGpuProgramParams.cpp (line 1709)
20:30:44: Compiler error: invalid parameters in DualQuaternionSkinning_Shadow.material(198): setting of constant failed
20:30:44: OGRE EXCEPTION(6:FileNotFoundException): Cannot locate resource DualQuaternionSkinning_Shadow.cg in resource group General or any other group. in ResourceGroupManager::openResource at /home/zachcooper/ogre/OgreMain/src/OgreResourceGroupManager.cpp (line 756)
20:30:44: High-level program Ogre/RTShader/shadow_caster_dq_skinning_1weight_twophase_vs_cg encountered an error during loading and is thus not supported.
OGRE EXCEPTION(6:FileNotFoundException): Cannot locate resource DualQuaternionSkinning_Shadow.cg in resource group General or any other group. in ResourceGroupManager::openResource at /home/zachcooper/ogre/OgreMain/src/OgreResourceGroupManager.cpp (line 756)
20:30:44: OGRE EXCEPTION(2:InvalidParametersException): Named constants have not been initialised, perhaps a compile error. in GpuProgramParameters::_findNamedConstantDefinition at /home/zachcooper/ogre/OgreMain/src/OgreGpuProgramParams.cpp (line 1709)
20:30:44: Compiler error: invalid parameters in DualQuaternionSkinning_Shadow.material(211): setting of constant failed
20:30:44: OGRE EXCEPTION(2:InvalidParametersException): Named constants have not been initialised, perhaps a compile error. in GpuProgramParameters::_findNamedConstantDefinition at /home/zachcooper/ogre/OgreMain/src/OgreGpuProgramParams.cpp (line 1709)
20:30:44: Compiler error: invalid parameters in DualQuaternionSkinning_Shadow.material(212): setting of constant failed
20:30:44: OGRE EXCEPTION(2:InvalidParametersException): Named constants have not been initialised, perhaps a compile error. in GpuProgramParameters::_findNamedConstantDefinition at /home/zachcooper/ogre/OgreMain/src/OgreGpuProgramParams.cpp (line 1709)
20:30:44: Compiler error: invalid parameters in DualQuaternionSkinning_Shadow.material(213): setting of constant failed
20:30:44: OGRE EXCEPTION(2:InvalidParametersException): Named constants have not been initialised, perhaps a compile error. in GpuProgramParameters::_findNamedConstantDefinition at /home/zachcooper/ogre/OgreMain/src/OgreGpuProgramParams.cpp (line 1709)
20:30:44: Compiler error: invalid parameters in DualQuaternionSkinning_Shadow.material(214): setting of constant failed
20:30:44: OGRE EXCEPTION(6:FileNotFoundException): Cannot locate resource DualQuaternionSkinning_Shadow.cg in resource group General or any other group. in ResourceGroupManager::openResource at /home/zachcooper/ogre/OgreMain/src/OgreResourceGroupManager.cpp (line 756)
20:30:44: High-level program Ogre/RTShader/shadow_caster_dq_skinning_2weight_twophase_vs_cg encountered an error during loading and is thus not supported.
OGRE EXCEPTION(6:FileNotFoundException): Cannot locate resource DualQuaternionSkinning_Shadow.cg in resource group General or any other group. in ResourceGroupManager::openResource at /home/zachcooper/ogre/OgreMain/src/OgreResourceGroupManager.cpp (line 756)
20:30:44: OGRE EXCEPTION(2:InvalidParametersException): Named constants have not been initialised, perhaps a compile error. in GpuProgramParameters::_findNamedConstantDefinition at /home/zachcooper/ogre/OgreMain/src/OgreGpuProgramParams.cpp (line 1709)
20:30:44: Compiler error: invalid parameters in DualQuaternionSkinning_Shadow.material(228): setting of constant failed
20:30:44: OGRE EXCEPTION(2:InvalidParametersException): Named constants have not been initialised, perhaps a compile error. in GpuProgramParameters::_findNamedConstantDefinition at /home/zachcooper/ogre/OgreMain/src/OgreGpuProgramParams.cpp (line 1709)
20:30:44: Compiler error: invalid parameters in DualQuaternionSkinning_Shadow.material(229): setting of constant failed
20:30:44: OGRE EXCEPTION(2:InvalidParametersException): Named constants have not been initialised, perhaps a compile error. in GpuProgramParameters::_findNamedConstantDefinition at /home/zachcooper/ogre/OgreMain/src/OgreGpuProgramParams.cpp (line 1709)
20:30:44: Compiler error: invalid parameters in DualQuaternionSkinning_Shadow.material(230): setting of constant failed
20:30:44: OGRE EXCEPTION(2:InvalidParametersException): Named constants have not been initialised, perhaps a compile error. in GpuProgramParameters::_findNamedConstantDefinition at /home/zachcooper/ogre/OgreMain/src/OgreGpuProgramParams.cpp (line 1709)
20:30:44: Compiler error: invalid parameters in DualQuaternionSkinning_Shadow.material(231): setting of constant failed
20:30:44: Parsing script TriplanarTexturing.material
20:30:44: Compiler error: unknown error in TriplanarTexturing.material(9): token "rtshader_system" is not recognized
20:30:44: Parsing script HardwareSkinningShadow.material
20:30:44: OGRE EXCEPTION(6:FileNotFoundException): Cannot locate resource HardwareSkinningShadow.cg in resource group General or any other group. in ResourceGroupManager::openResource at /home/zachcooper/ogre/OgreMain/src/OgreResourceGroupManager.cpp (line 756)
20:30:44: High-level program Ogre/RTShader/shadow_caster_ps_cg encountered an error during loading and is thus not supported.
OGRE EXCEPTION(6:FileNotFoundException): Cannot locate resource HardwareSkinningShadow.cg in resource group General or any other group. in ResourceGroupManager::openResource at /home/zachcooper/ogre/OgreMain/src/OgreResourceGroupManager.cpp (line 756)
20:30:44: OGRE EXCEPTION(6:FileNotFoundException): Cannot locate resource HardwareSkinningShadow.cg in resource group General or any other group. in ResourceGroupManager::openResource at /home/zachcooper/ogre/OgreMain/src/OgreResourceGroupManager.cpp (line 756)
20:30:44: High-level program Ogre/RTShader/shadow_caster_skinning_1weight_vs encountered an error during loading and is thus not supported.
OGRE EXCEPTION(6:FileNotFoundException): Cannot locate resource HardwareSkinningShadow.cg in resource group General or any other group. in ResourceGroupManager::openResource at /home/zachcooper/ogre/OgreMain/src/OgreResourceGroupManager.cpp (line 756)
20:30:44: OGRE EXCEPTION(2:InvalidParametersException): Named constants have not been initialised, perhaps a compile error. in GpuProgramParameters::_findNamedConstantDefinition at /home/zachcooper/ogre/OgreMain/src/OgreGpuProgramParams.cpp (line 1709)
20:30:44: Compiler error: invalid parameters in HardwareSkinningShadow.material(29): setting of constant failed
20:30:44: OGRE EXCEPTION(2:InvalidParametersException): Named constants have not been initialised, perhaps a compile error. in GpuProgramParameters::_findNamedConstantDefinition at /home/zachcooper/ogre/OgreMain/src/OgreGpuProgramParams.cpp (line 1709)
20:30:44: Compiler error: invalid parameters in HardwareSkinningShadow.material(30): setting of constant failed
20:30:44: OGRE EXCEPTION(6:FileNotFoundException): Cannot locate resource HardwareSkinningShadow.cg in resource group General or any other group. in ResourceGroupManager::openResource at /home/zachcooper/ogre/OgreMain/src/OgreResourceGroupManager.cpp (line 756)
20:30:44: High-level program Ogre/RTShader/shadow_caster_skinning_2weight_vs_cg encountered an error during loading and is thus not supported.
OGRE EXCEPTION(6:FileNotFoundException): Cannot locate resource HardwareSkinningShadow.cg in resource group General or any other group. in ResourceGroupManager::openResource at /home/zachcooper/ogre/OgreMain/src/OgreResourceGroupManager.cpp (line 756)
20:30:44: OGRE EXCEPTION(2:InvalidParametersException): Named constants have not been initialised, perhaps a compile error. in GpuProgramParameters::_findNamedConstantDefinition at /home/zachcooper/ogre/OgreMain/src/OgreGpuProgramParams.cpp (line 1709)
20:30:44: Compiler error: invalid parameters in HardwareSkinningShadow.material(43): setting of constant failed
20:30:44: OGRE EXCEPTION(2:InvalidParametersException): Named constants have not been initialised, perhaps a compile error. in GpuProgramParameters::_findNamedConstantDefinition at /home/zachcooper/ogre/OgreMain/src/OgreGpuProgramParams.cpp (line 1709)
20:30:44: Compiler error: invalid parameters in HardwareSkinningShadow.material(44): setting of constant failed
20:30:44: OGRE EXCEPTION(6:FileNotFoundException): Cannot locate resource HardwareSkinningShadow.cg in resource group General or any other group. in ResourceGroupManager::openResource at /home/zachcooper/ogre/OgreMain/src/OgreResourceGroupManager.cpp (line 756)
20:30:44: High-level program Ogre/RTShader/shadow_caster_skinning_3weight_vs encountered an error during loading and is thus not supported.
OGRE EXCEPTION(6:FileNotFoundException): Cannot locate resource HardwareSkinningShadow.cg in resource group General or any other group. in ResourceGroupManager::openResource at /home/zachcooper/ogre/OgreMain/src/OgreResourceGroupManager.cpp (line 756)
20:30:44: OGRE EXCEPTION(2:InvalidParametersException): Named constants have not been initialised, perhaps a compile error. in GpuProgramParameters::_findNamedConstantDefinition at /home/zachcooper/ogre/OgreMain/src/OgreGpuProgramParams.cpp (line 1709)
20:30:44: Compiler error: invalid parameters in HardwareSkinningShadow.material(57): setting of constant failed
20:30:44: OGRE EXCEPTION(2:InvalidParametersException): Named constants have not been initialised, perhaps a compile error. in GpuProgramParameters::_findNamedConstantDefinition at /home/zachcooper/ogre/OgreMain/src/OgreGpuProgramParams.cpp (line 1709)
20:30:44: Compiler error: invalid parameters in HardwareSkinningShadow.material(58): setting of constant failed
20:30:44: OGRE EXCEPTION(6:FileNotFoundException): Cannot locate resource HardwareSkinningShadow.cg in resource group General or any other group. in ResourceGroupManager::openResource at /home/zachcooper/ogre/OgreMain/src/OgreResourceGroupManager.cpp (line 756)
20:30:44: High-level program Ogre/RTShader/shadow_caster_skinning_4weight_vs encountered an error during loading and is thus not supported.
OGRE EXCEPTION(6:FileNotFoundException): Cannot locate resource HardwareSkinningShadow.cg in resource group General or any other group. in ResourceGroupManager::openResource at /home/zachcooper/ogre/OgreMain/src/OgreResourceGroupManager.cpp (line 756)
20:30:44: OGRE EXCEPTION(2:InvalidParametersException): Named constants have not been initialised, perhaps a compile error. in GpuProgramParameters::_findNamedConstantDefinition at /home/zachcooper/ogre/OgreMain/src/OgreGpuProgramParams.cpp (line 1709)
20:30:44: Compiler error: invalid parameters in HardwareSkinningShadow.material(72): setting of constant failed
20:30:44: OGRE EXCEPTION(2:InvalidParametersException): Named constants have not been initialised, perhaps a compile error. in GpuProgramParameters::_findNamedConstantDefinition at /home/zachcooper/ogre/OgreMain/src/OgreGpuProgramParams.cpp (line 1709)
20:30:44: Compiler error: invalid parameters in HardwareSkinningShadow.material(73): setting of constant failed
20:30:44: OGRE EXCEPTION(6:FileNotFoundException): Cannot locate resource HardwareSkinningShadow.cg in resource group General or any other group. in ResourceGroupManager::openResource at /home/zachcooper/ogre/OgreMain/src/OgreResourceGroupManager.cpp (line 756)
20:30:44: High-level program Ogre/RTShader/shadow_receiver_vs encountered an error during loading and is thus not supported.
OGRE EXCEPTION(6:FileNotFoundException): Cannot locate resource HardwareSkinningShadow.cg in resource group General or any other group. in ResourceGroupManager::openResource at /home/zachcooper/ogre/OgreMain/src/OgreResourceGroupManager.cpp (line 756)
20:30:44: OGRE EXCEPTION(2:InvalidParametersException): Named constants have not been initialised, perhaps a compile error. in GpuProgramParameters::_findNamedConstantDefinition at /home/zachcooper/ogre/OgreMain/src/OgreGpuProgramParams.cpp (line 1709)
20:30:44: Compiler error: invalid parameters in HardwareSkinningShadow.material(206): setting of constant failed
20:30:44: OGRE EXCEPTION(6:FileNotFoundException): Cannot locate resource HardwareSkinningShadow.cg in resource group General or any other group. in ResourceGroupManager::openResource at /home/zachcooper/ogre/OgreMain/src/OgreResourceGroupManager.cpp (line 756)
20:30:44: High-level program Ogre/RTShader/shadow_receiver_ps encountered an error during loading and is thus not supported.
OGRE EXCEPTION(6:FileNotFoundException): Cannot locate resource HardwareSkinningShadow.cg in resource group General or any other group. in ResourceGroupManager::openResource at /home/zachcooper/ogre/OgreMain/src/OgreResourceGroupManager.cpp (line 756)
20:30:44: Parsing script RTShaderSystem.material
20:30:44: Compiler error: unknown error in RTShaderSystem.material(23): token "rtshader_system" is not recognized
20:30:44: Compiler error: unknown error in RTShaderSystem.material(52): token "rtshader_system" is not recognized
20:30:44: Compiler error: unknown error in RTShaderSystem.material(81): token "rtshader_system" is not recognized
20:30:44: Compiler error: unknown error in RTShaderSystem.material(110): token "rtshader_system" is not recognized
20:30:44: Compiler error: unknown error in RTShaderSystem.material(146): token "rtshader_system" is not recognized
20:30:44: Compiler error: unknown error in RTShaderSystem.material(81): token "rtshader_system" is not recognized
20:30:44: Compiler error: unknown error in RTShaderSystem.material(162): token "rtshader_system" is not recognized
20:30:44: Compiler error: unknown error in RTShaderSystem.material(81): token "rtshader_system" is not recognized
20:30:44: Compiler error: unknown error in RTShaderSystem.material(110): token "rtshader_system" is not recognized
20:30:44: Compiler error: unknown error in RTShaderSystem.material(211): token "rtshader_system" is not recognized
20:30:44: Parsing script ShowNormals.material
20:30:44: Parsing script ShowDepth.material
20:30:44: Parsing script Modulate.material
20:30:44: Parsing script HorizonBased.material
20:30:44: Parsing script CreaseShading.material
20:30:44: Parsing script Volumetric.material
20:30:44: Parsing script HemisphereMC.material
20:30:44: Parsing script ShowViewPos.material
20:30:44: Parsing script UnsharpMask.material
20:30:44: Parsing script SSAOPost.material
20:30:44: Parsing script Crytek.material
20:30:44: Parsing script GBuffer.material
20:30:44: Parsing script triplanarReference.material
20:30:44: Parsing script ddg51.material
20:30:44: Parsing script Projectile.material
20:30:44: Parsing script DepthShadowmap.material
20:30:44: Parsing script ASCII.material
20:30:44: Parsing script cursor.material
20:30:44: Parsing script shipInfo.material
20:30:44: Parsing script MRTtest.material
20:30:44: Parsing script missile.material
20:30:44: Compiler error: unknown error in missile.material(7): token "59.4555039496997," is not recognized
20:30:44: Parsing script OldTV.material
20:30:44: Parsing script ASMSwizzle.material
20:30:44: Compiler error: object unsupported by render system in ASMSwizzle.material(1): , Shader name: Ogre/GPTest/Swizzle_GP_ASM
20:30:44: Parsing script CGSwizzle.material
20:30:44: Parsing script RZR-002.material
20:30:44: Parsing script smoke.material
20:30:44: Parsing script Bloom2.material
20:30:44: Parsing script pssm.material
20:30:44: Parsing script cigarette.material
20:30:44: Parsing script VarianceShadowmap.material
20:30:44: Parsing script Splash.material
20:30:44: Parsing script DOF.material
20:30:44: Parsing script Glass.material
20:30:44: Parsing script Ogre.material
20:30:44: Parsing script Hurt.material
20:30:44: Parsing script cvn68.material
20:30:44: Parsing script OldMovie.material
20:30:44: Parsing script sleek.material
20:30:44: Parsing script boat.material
20:30:44: Parsing script OffsetMapping.material
20:30:44: Compiler error: object unsupported by render system in OffsetMapping.material(18): , Shader name: Examples/OffsetMappingPS
20:30:44: Parsing script Laplace.material
20:30:44: Parsing script IsoSurf.material
20:30:44: Parsing script SharpenEdges.material
20:30:44: Parsing script sailboat.material
20:30:44: Compiler error: unknown error in sailboat.material(87): token "60.0," is not recognized
20:30:44: Parsing script instancing.material
20:30:44: Parsing script ParticleGS.material
20:30:44: Parsing script rmenu.material
20:30:44: Parsing script banshee.material
20:30:44: Parsing script HeatVision.material
20:30:44: Parsing script OgreOcean.material
20:30:44: Parsing script ui.material
20:30:44: Parsing script Invert.material
20:30:44: Parsing script alienship.material
20:30:44: Compiler error: unknown error in alienship.material(90): token "1.0," is not recognized
20:30:44: Parsing script End.material
20:30:44: Parsing script GLSLSwizzle.material
20:30:44: Parsing script Halftone.material
20:30:44: Parsing script Dither.material
20:30:44: Parsing script Bloom.material
20:30:44: Parsing script wake.material
20:30:44: Parsing script Example-DynTex.material
20:30:44: Parsing script button.material
20:30:44: Parsing script Scene.material
20:30:44: Parsing script hdr.material
20:30:44: Parsing script Example.material
20:30:44: OGRE EXCEPTION(2:InvalidParametersException): Parameter called camObjPos does not exist.  in GpuProgramParameters::_findNamedConstantDefinition at /home/zachcooper/ogre/OgreMain/src/OgreGpuProgramParams.cpp (line 1719)
20:30:44: Compiler error: invalid parameters in Example.material(762): setting of constant failed
20:30:44: Parsing script RadialBlur.material
20:30:44: Parsing script Posterize.material
20:30:44: Parsing script NightVision.material
20:30:44: Parsing script facial.material
20:30:44: Parsing script Tiling.material
20:30:44: Parsing script Died.material
20:30:44: Parsing script Example-Water.material
20:30:44: Parsing script f1Overlay.material
20:30:44: Parsing script Embossed.material
20:30:44: Parsing script Examples-Advanced.material
20:30:44: Compiler error: object unsupported by render system in Examples-Advanced.material(381): , Shader name: Examples/FresnelRefractReflectPS
20:30:44: Parsing script myUI.material
20:30:44: Parsing script MotionBlur.material
20:30:44: Parsing script BlackAndWhite.material
20:30:44: Parsing script RomanBath.material
20:30:44: Parsing script Sinbad.material
20:30:44: Parsing script smoke.particle
20:30:44: Parsing script Examples.particle
20:30:44: Parsing script Examples-Water.particle
20:30:44: Parsing script emitted_emitter.particle
20:30:44: Parsing script Examples.compositor
20:30:44: Parsing script ssao.compositor
20:30:44: Parsing script deferred.compositor
20:30:44: Parsing script SSAOPost.compositor
20:30:44: Parsing script SSAO.compositor
20:30:44: Parsing script Examples.compositor
20:30:44: Parsing script SdkTrays.fontdef
20:30:44: Parsing script SdkTrays.overlay
20:30:44: Texture: sdk_cursor.png: Loading 1 faces(PF_A8R8G8B8,32x32x1) with 5 generated mipmaps from Image. Internal format is PF_A8R8G8B8,32x32x1.
20:30:44: Texture: sdk_tray.png: Loading 1 faces(PF_A8R8G8B8,64x64x1) with 5 generated mipmaps from Image. Internal format is PF_A8R8G8B8,64x64x1.
20:30:44: Texture: sdk_button_up.png: Loading 1 faces(PF_A8R8G8B8,128x32x1) with 5 generated mipmaps from Image. Internal format is PF_A8R8G8B8,128x32x1.
20:30:44: Texture: sdk_text_box.png: Loading 1 faces(PF_A8R8G8B8,32x32x1) with 5 generated mipmaps from Image. Internal format is PF_A8R8G8B8,32x32x1.
20:30:44: Texture: sdk_mini_tray.png: Loading 1 faces(PF_A8R8G8B8,32x32x1) with 5 generated mipmaps from Image. Internal format is PF_A8R8G8B8,32x32x1.
20:30:44: Texture: sdk_track.png: Loading 1 faces(PF_A8R8G8B8,16x32x1) with 5 generated mipmaps from Image. Internal format is PF_A8R8G8B8,16x32x1.
20:30:44: Texture: sdk_handle.png: Loading 1 faces(PF_A8R8G8B8,16x16x1) with 4 generated mipmaps from Image. Internal format is PF_A8R8G8B8,16x16x1.
20:30:44: Texture: sdk_mini_text_box.png: Loading 1 faces(PF_A8R8G8B8,32x32x1) with 5 generated mipmaps from Image. Internal format is PF_A8R8G8B8,32x32x1.
20:30:44: Texture: sdk_label.png: Loading 1 faces(PF_A8R8G8B8,32x32x1) with 5 generated mipmaps from Image. Internal format is PF_A8R8G8B8,32x32x1.
20:30:44: Texture: sdk_separator.png: Loading 1 faces(PF_A8R8G8B8,64x16x1) with 5 generated mipmaps from Image. Internal format is PF_A8R8G8B8,64x16x1.
20:30:44: Texture: sdk_logo.png: Loading 1 faces(PF_A8R8G8B8,128x64x1) with 5 generated mipmaps from Image. Internal format is PF_A8R8G8B8,128x64x1.
20:30:44: Texture: sdk_shade.png: Loading 1 faces(PF_A8R8G8B8,64x48x1) with 5 generated mipmaps from Image. Internal format is PF_A8R8G8B8,64x48x1.
20:30:44: Texture: sdk_frame.png: Loading 1 faces(PF_A8R8G8B8,32x32x1) with 5 generated mipmaps from Image. Internal format is PF_A8R8G8B8,32x32x1.
20:30:44: Texture: sdk_mini_text_box_over.png: Loading 1 faces(PF_A8R8G8B8,32x32x1) with 5 generated mipmaps from Image. Internal format is PF_A8R8G8B8,32x32x1.
20:30:44: Texture: sdk_pulse.png: Loading 1 faces(PF_R8G8B8,8x1x1) with 3 generated mipmaps from Image. Internal format is PF_X8R8G8B8,8x1x1.
20:30:44: Finished parsing scripts for resource group General
20:30:44: Creating resources for group General
20:30:44: All done
20:30:44: Parsing scripts for resource group Internal
20:30:44: Finished parsing scripts for resource group Internal
20:30:44: Creating resources for group Internal
20:30:44: All done
20:30:44: Terrain created; size=513 minBatch=33 maxBatch=65 treeDepth=4 lodLevels=5 leafLods=2
20:30:44: Texture: grass_green-01_diffusespecular.dds: Loading 1 faces(PF_A8B8G8R8,1024x1024x1) with 5 generated mipmaps from Image. Internal format is PF_A8R8G8B8,1024x1024x1.
20:30:44: Texture: grass_green-01_normalheight.dds: Loading 1 faces(PF_A8B8G8R8,1024x1024x1) with 5 generated mipmaps from Image. Internal format is PF_A8R8G8B8,1024x1024x1.
20:30:45: Mesh: Loading robot.mesh.
20:30:45: Skeleton: Loading robot.skeleton
20:30:45: Texture: r2skin.jpg: Loading 1 faces(PF_R8G8B8,512x512x1) with 5 generated mipmaps from Image. Internal format is PF_X8R8G8B8,512x512x1.
20:30:45: Mesh: Loading banshee.mesh.
20:30:45: Mesh: Loading sphere.mesh.
20:30:45: OGRE EXCEPTION(6:FileNotFoundException): Cannot locate resource orb1.png in resource group General or any other group. in ResourceGroupManager::openResource at /home/zachcooper/ogre/OgreMain/src/OgreResourceGroupManager.cpp (line 756)
20:30:45: Error loading texture orb1.png. Texture layer will be blank. Loading the texture failed with the following exception: OGRE EXCEPTION(6:FileNotFoundException): Cannot locate resource orb1.png in resource group General or any other group. in ResourceGroupManager::openResource at /home/zachcooper/ogre/OgreMain/src/OgreResourceGroupManager.cpp (line 756)
20:30:45: Texture: clouds.jpg: Loading 1 faces(PF_R8G8B8,256x256x1) with 5 generated mipmaps from Image. Internal format is PF_X8R8G8B8,256x256x1.
20:30:45: Texture: robot.png: Loading 1 faces(PF_A8R8G8B8,1920x1080x1) with 5 generated mipmaps from Image. Internal format is PF_A8R8G8B8,1920x1080x1.
20:30:45: DefaultWorkQueue('Root') shutting down on thread 7f54c6e3d800.
20:30:45: DefaultWorkQueue('Root')::WorkerFunc - thread 7f54b5766700 stopped.
20:30:45: DefaultWorkQueue('Root')::WorkerFunc - thread 7f54a77fe700 stopped.
20:30:45: DefaultWorkQueue('Root')::WorkerFunc - thread 7f54b4f65700 stopped.
20:30:45: DefaultWorkQueue('Root')::WorkerFunc - thread 7f549ffff700 stopped.
20:30:45: DefaultWorkQueue('Root')::WorkerFunc - thread 7f54b6f69700 stopped.
20:30:45: DefaultWorkQueue('Root')::WorkerFunc - thread 7f54b6768700 stopped.
20:30:45: DefaultWorkQueue('Root')::WorkerFunc - thread 7f54a7fff700 stopped.
20:30:48: DefaultWorkQueue('Root')::WorkerFunc - thread 7f54b5f67700 stopped.
20:30:48: PCZone Factory Type 'ZoneType_Octree' unregistered
20:30:48: Unregistering ResourceManager for type BspLevel
20:30:48: *-*-* OGRE Shutdown
 Freetype returned null for character 131 in font SdkTrays/Value
20:30:15: Info: Freetype returned null for character 132 in font SdkTrays/Value
20:30:15: Info: Freetype returned null for character 133 in font SdkTrays/Value
20:30:15: Info: Freetype returned null for character 134 in font SdkTrays/Value
20:30:15: Info: Freetype returned null for character 135 in font SdkTrays/Value
20:30:15: Info: Freetype returned null for character 136 in font SdkTrays/Value
20:30:15: Info: Freetype returned null for character 137 in font SdkTrays/Value
20:30:15: Info: Freetype returned null for character 138 in font SdkTrays/Value
20:30:15: Info: Freetype returned null for character 139 in font SdkTrays/Value
20:30:15: Info: Freetype returned null for character 140 in font SdkTrays/Value
20:30:15: Info: Freetype returned null for character 141 in font SdkTrays/Value
20:30:15: Info: Freetype returned null for character 142 in font SdkTrays/Value
20:30:15: Info: Freetype returned null for character 143 in font SdkTrays/Value
20:30:15: Info: Freetype returned null for character 144 in font SdkTrays/Value
20:30:15: Info: Freetype returned null for character 145 in font SdkTrays/Value
20:30:15: Info: Freetype returned null for character 146 in font SdkTrays/Value
20:30:15: Info: Freetype returned null for character 147 in font SdkTrays/Value
20:30:15: Info: Freetype returned null for character 148 in font SdkTrays/Value
20:30:15: Info: Freetype returned null for character 149 in font SdkTrays/Value
20:30:15: Info: Freetype returned null for character 150 in font SdkTrays/Value
20:30:15: Info: Freetype returned null for character 151 in font SdkTrays/Value
20:30:15: Info: Freetype returned null for character 152 in font SdkTrays/Value
20:30:15: Info: Freetype returned null for character 153 in font SdkTrays/Value
20:30:15: Info: Freetype returned null for character 154 in font SdkTrays/Value
20:30:15: Info: Freetype returned null for character 155 in font SdkTrays/Value
20:30:15: Info: Freetype returned null for character 156 in font SdkTrays/Value
20:30:15: Info: Freetype returned null for character 157 in font SdkTrays/Value
20:30:15: Info: Freetype returned null for character 158 in font SdkTrays/Value
20:30:15: Info: Freetype returned null for character 159 in font SdkTrays/Value
20:30:15: Info: Freetype returned null for character 160 in font SdkTrays/Value
20:30:15: Texture: SdkTrays/ValueTexture: Loading 1 faces(PF_BYTE_LA,512x256x1) with 0 generated mipmaps from Image. Internal format is PF_BYTE_LA,512x256x1.
20:30:19: Terrain created; size=513 minBatch=33 maxBatch=65 treeDepth=4 lodLevels=5 leafLods=2
20:30:20: Texture: dirt_grayrocky_diffusespecular.dds: Loading 1 faces(PF_A8B8G8R8,1024x1024x1) with 5 generated mipmaps from Image. Internal format is PF_A8R8G8B8,1024x1024x1.
20:30:20: Texture: dirt_grayrocky_normalheight.dds: Loading 1 faces(PF_A8B8G8R8,1024x1024x1) with 5 generated mipmaps from Image. Internal format is PF_A8R8G8B8,1024x1024x1.
20:30:20: Texture: growth_weirdfungus-03_diffusespecular.dds: Loading 1 faces(PF_A8B8G8R8,1024x1024x1) with 5 generated mipmaps from Image. Internal format is PF_A8R8G8B8,1024x1024x1.
20:30:20: Texture: growth_weirdfungus-03_normalheight.dds: Loading 1 faces(PF_A8B8G8R8,1024x1024x1) with 5 generated mipmaps from Image. Internal format is PF_A8R8G8B8,1024x1024x1.
20:30:20: Texture: morning_fr.jpg: Loading 1 faces(PF_R8G8B8,512x512x1) with 5 generated mipmaps from Image. Internal format is PF_X8R8G8B8,512x512x1.
20:30:20: Texture: morning_bk.jpg: Loading 1 faces(PF_R8G8B8,512x512x1) with 5 generated mipmaps from Image. Internal format is PF_X8R8G8B8,512x512x1.
20:30:20: Texture: morning_lf.jpg: Loading 1 faces(PF_R8G8B8,512x512x1) with 5 generated mipmaps from Image. Internal format is PF_X8R8G8B8,512x512x1.
20:30:20: Texture: morning_rt.jpg: Loading 1 faces(PF_R8G8B8,512x512x1) with 5 generated mipmaps from Image. Internal format is PF_X8R8G8B8,512x512x1.
20:30:20: Texture: morning_up.jpg: Loading 1 faces(PF_R8G8B8,512x512x1) with 5 generated mipmaps from Image. Internal format is PF_X8R8G8B8,512x512x1.
20:30:20: Texture: morning_dn.jpg: Loading 1 faces(PF_R8G8B8,512x512x1) with 5 generated mipmaps from Image. Internal format is PF_X8R8G8B8,512x512x1.
20:30:23: Texture: end.jpg: Loading 1 faces(PF_R8G8B8,1920x1080x1) with 5 generated mipmaps from Image. Internal format is PF_X8R8G8B8,1920x1080x1.
20:30:40: DefaultWorkQueue('Root') shutting down on thread 7f88de388800.
20:30:40: DefaultWorkQueue('Root')::WorkerFunc - thread 7f88ce4b4700 stopped.
20:30:40: DefaultWorkQueue('Root')::WorkerFunc - thread 7f88cdcb3700 stopped.
20:30:40: DefaultWorkQueue('Root')::WorkerFunc - thread 7f88cd4b2700 stopped.
20:30:40: DefaultWorkQueue('Root')::WorkerFunc - thread 7f88cccb1700 stopped.
20:30:40: DefaultWorkQueue('Root')::WorkerFunc - thread 7f88bffff700 stopped.
20:30:40: DefaultWorkQueue('Root')::WorkerFunc - thread 7f88bf7fe700 stopped.
20:30:40: DefaultWorkQueue('Root')::WorkerFunc - thread 7f88be7fc700 stopped.
20:30:40: DefaultWorkQueue('Root')::WorkerFunc - thread 7f88beffd700 stopped.
20:30:40: PCZone Factory Type 'ZoneType_Octree' unregistered
20:30:40: Unregistering ResourceManager for type BspLevel
20:30:40: *-*-* OGRE Shutdown
